2020-05-20 10:59:28,950 INFO com.mindtree.shoppingcart.ShoppingcartApplication [main] Starting ShoppingcartApplication on DESKTOP-EJROEKG with PID 20204 (D:\Personal\201_Course\ShoppingCart\shoppingcart\bin\main started by Deepak in D:\Personal\201_Course\ShoppingCart\shoppingcart)
2020-05-20 10:59:28,962 INFO com.mindtree.shoppingcart.ShoppingcartApplication [main] The following profiles are active: DEV
2020-05-20 10:59:31,872 INFO org.apache.catalina.core.StandardService [main] Starting service [Tomcat]
2020-05-20 10:59:31,873 INFO org.apache.catalina.core.StandardEngine [main] Starting Servlet engine: [Apache Tomcat/9.0.33]
2020-05-20 10:59:32,051 INFO org.apache.catalina.core.ContainerBase.[Tomcat].[localhost].[/] [main] Initializing Spring embedded WebApplicationContext
2020-05-20 10:59:32,726 INFO org.hibernate.jpa.internal.util.LogHelper [main] HHH000204: Processing PersistenceUnitInfo [name: default]
2020-05-20 10:59:32,836 INFO org.hibernate.Version [main] HHH000412: Hibernate ORM core version 5.4.12.Final
2020-05-20 10:59:33,049 INFO org.hibernate.annotations.common.Version [main] HCANN000001: Hibernate Commons Annotations {5.1.0.Final}
2020-05-20 10:59:33,224 INFO com.zaxxer.hikari.HikariDataSource [main] HikariPool-1 - Starting...
2020-05-20 10:59:34,310 INFO com.zaxxer.hikari.HikariDataSource [main] HikariPool-1 - Start completed.
2020-05-20 10:59:34,361 INFO org.hibernate.dialect.Dialect [main] HHH000400: Using dialect: org.hibernate.dialect.MySQL8Dialect
2020-05-20 10:59:34,676 WARN org.hibernate.cfg.AnnotationBinder [main] HHH000457: Joined inheritance hierarchy [com.mindtree.shoppingcart.entity.Product] defined explicit @DiscriminatorColumn.  Legacy Hibernate behavior was to ignore the @DiscriminatorColumn.  However, as part of issue HHH-6911 we now apply the explicit @DiscriminatorColumn.  If you would prefer the legacy behavior, enable the `hibernate.discriminator.ignore_explicit_for_joined` setting (hibernate.discriminator.ignore_explicit_for_joined=true)
2020-05-20 10:59:35,896 INFO org.hibernate.engine.transaction.jta.platform.internal.JtaPlatformInitiator [main] HHH000490: Using JtaPlatform implementation: [org.hibernate.engine.transaction.jta.platform.internal.NoJtaPlatform]
2020-05-20 10:59:37,585 INFO springfox.documentation.spring.web.plugins.DocumentationPluginsBootstrapper [main] Context refreshed
2020-05-20 10:59:37,614 INFO springfox.documentation.spring.web.plugins.DocumentationPluginsBootstrapper [main] Found 1 custom documentation plugin(s)
2020-05-20 10:59:37,630 INFO springfox.documentation.spring.web.scanners.ApiListingReferenceScanner [main] Scanning for api listing references
2020-05-20 10:59:37,818 INFO springfox.documentation.spring.web.readers.operation.CachingOperationNameGenerator [main] Generating unique operation named: handleUsingGET_1
2020-05-20 10:59:37,825 INFO springfox.documentation.spring.web.readers.operation.CachingOperationNameGenerator [main] Generating unique operation named: handleUsingDELETE_1
2020-05-20 10:59:37,829 INFO springfox.documentation.spring.web.readers.operation.CachingOperationNameGenerator [main] Generating unique operation named: handleUsingGET_2
2020-05-20 10:59:37,832 INFO springfox.documentation.spring.web.readers.operation.CachingOperationNameGenerator [main] Generating unique operation named: handleUsingGET_3
2020-05-20 10:59:37,835 INFO springfox.documentation.spring.web.readers.operation.CachingOperationNameGenerator [main] Generating unique operation named: handleUsingGET_4
2020-05-20 10:59:37,837 INFO springfox.documentation.spring.web.readers.operation.CachingOperationNameGenerator [main] Generating unique operation named: handleUsingGET_5
2020-05-20 10:59:37,840 INFO springfox.documentation.spring.web.readers.operation.CachingOperationNameGenerator [main] Generating unique operation named: handleUsingGET_6
2020-05-20 10:59:37,843 INFO springfox.documentation.spring.web.readers.operation.CachingOperationNameGenerator [main] Generating unique operation named: handleUsingGET_7
2020-05-20 10:59:37,846 INFO springfox.documentation.spring.web.readers.operation.CachingOperationNameGenerator [main] Generating unique operation named: handleUsingGET_8
2020-05-20 10:59:37,850 INFO springfox.documentation.spring.web.readers.operation.CachingOperationNameGenerator [main] Generating unique operation named: handleUsingGET_9
2020-05-20 10:59:37,853 INFO springfox.documentation.spring.web.readers.operation.CachingOperationNameGenerator [main] Generating unique operation named: handleUsingGET_10
2020-05-20 10:59:37,855 INFO springfox.documentation.spring.web.readers.operation.CachingOperationNameGenerator [main] Generating unique operation named: handleUsingGET_11
2020-05-20 10:59:37,860 INFO springfox.documentation.spring.web.readers.operation.CachingOperationNameGenerator [main] Generating unique operation named: handleUsingGET_12
2020-05-20 10:59:37,862 INFO springfox.documentation.spring.web.readers.operation.CachingOperationNameGenerator [main] Generating unique operation named: handleUsingGET_13
2020-05-20 10:59:37,864 INFO springfox.documentation.spring.web.readers.operation.CachingOperationNameGenerator [main] Generating unique operation named: handleUsingGET_14
2020-05-20 10:59:37,866 INFO springfox.documentation.spring.web.readers.operation.CachingOperationNameGenerator [main] Generating unique operation named: handleUsingGET_15
2020-05-20 10:59:37,868 INFO springfox.documentation.spring.web.readers.operation.CachingOperationNameGenerator [main] Generating unique operation named: handleUsingGET_16
2020-05-20 10:59:37,871 INFO springfox.documentation.spring.web.readers.operation.CachingOperationNameGenerator [main] Generating unique operation named: handleUsingGET_17
2020-05-20 10:59:37,874 INFO springfox.documentation.spring.web.readers.operation.CachingOperationNameGenerator [main] Generating unique operation named: handleUsingGET_18
2020-05-20 10:59:37,876 INFO springfox.documentation.spring.web.readers.operation.CachingOperationNameGenerator [main] Generating unique operation named: handleUsingGET_19
2020-05-20 10:59:38,004 INFO com.mindtree.shoppingcart.ShoppingcartApplication [main] Started ShoppingcartApplication in 9.59 seconds (JVM running for 10.069)
2020-05-20 10:59:51,562 INFO org.apache.catalina.core.ContainerBase.[Tomcat].[localhost].[/] [http-nio-8088-exec-1] Initializing Spring DispatcherServlet 'dispatcherServlet'
